<?xml version="1.0" encoding="UTF-8"?>
<!-- Generated by org.testng.reporters.JUnitReportReporter -->
<testsuite skipped="2" hostname="SKAR1200667" name="br.com.saraiva.test.runners.CadastroRunner" tests="2" failures="0" timestamp="18 dez 2020 20:20:39 GMT" time="0.230" errors="0">
  <testcase name="runScenario" time="0.011" classname="br.com.saraiva.test.runners.CadastroRunner">
    <skipped/>
  </testcase> <!-- runScenario -->
  <testcase name="runScenario" time="0.219" classname="br.com.saraiva.test.runners.CadastroRunner">
    <skipped/>
  </testcase> <!-- runScenario -->
</testsuite> <!-- br.com.saraiva.test.runners.CadastroRunner -->
