<?xml version="1.0" encoding="UTF-8"?>
<!-- Generated by org.testng.reporters.JUnitReportReporter -->
<testsuite skipped="0" hostname="SKAR1200667" name="br.com.saraiva.test.runners.CadastroRunner" tests="1" failures="0" timestamp="20 dez 2020 23:43:19 GMT" time="21.523" errors="0">
  <testcase name="runScenario" time="21.523" classname="br.com.saraiva.test.runners.CadastroRunner"/>
</testsuite> <!-- br.com.saraiva.test.runners.CadastroRunner -->
